<?xml version="1.0" encoding="UTF-8"?>
<!-- Generated by org.testng.reporters.JUnitReportReporter -->
<testsuite hostname="MWDH-Work2" failures="0" tests="1" name="selenuimWithEdge.EdgeWebDriver" time="4.509" errors="0" timestamp="2022-07-23T18:45:08 AST" skipped="0">
  <testcase classname="selenuimWithEdge.EdgeWebDriver" name="EdgrDriver" time="4.509"/>
  <system-out/>
</testsuite> <!-- selenuimWithEdge.EdgeWebDriver -->
